<?xml version="1.0" encoding="UTF-8" ?>
<testsuite tests="5" failures="0" name="com.nishant.game.test.GameTest" time="0.006" errors="0" skipped="0">
  <properties>
[...]
</properties>
  <testcase classname="com.nishant.game.test.GameTest" name="game_is_successfully_finished" time="0.006"/>
  <testcase classname="com.nishant.game.test.GameTest" name="game_initialized_successfully" time="0"/>
  <testcase classname="com.nishant.game.test.GameTest" name="successfully_ladder_claimed" time="0"/>
  <testcase classname="com.nishant.game.test.GameTest" name="successfully_snake_gulp_down" time="0"/>
  <testcase classname="com.nishant.game.test.GameTest" name="game_successfully_chance_passed_to_next_player" time="0"/>
</testsuite>